[    0.000000] Luxversion 4.15.0-70-generic (buildd@lgw01-amd64-055) (gcc version 7.4.0 (Ubuntu 7.4.0-1ubuntu1~18.04.1)) #79-Ubuntu SMP Tue Nov 12 10:36:11 UTC 2019 (Ubuntu 4.15.0-70.79-generic 4.15.18)
[    0.000000] Command line: BOOT_IMAGE=/boot/vmlinuz-4.15.0-70-generic root=LABEL=cloudimg-rootfs ro console=tty1 console=ttyS0
[    0.000000] KERNEL supported cpus:
[    0.000000]   Intel GenuineIntel
[    0.000000]   AMD AuthenticAMD
[    0.000000]   Centaur CentaurHauls
[    0.000000] x86/fpu: Supporting XSAVE feature 0x001: 'x87 floating point registers'
[    0.000000] x86/fpu: Supporting XSAVE feature 0x002: 'SSE registers'
[    0.000000] x86/fpu: Supporting XSAVE feature 0x004: 'AVX registers'
[    0.000000] x86/fpu: xstate_offset[2]:  576, xstate_sizes[2]:  256
[    0.000000] x86/fpu: Enabled xstate features 0x7, context size is 832 bytes, using 'standard' format.
[    0.000000] e820: BIOS-provided physical RAM map:
[    0.000000] BIOS-e820: [mem 0x0000000000000000-0x000000000009fbff] usable
[  0000000] BIOS-e820: [mem 0x000000000900-0x000000000009ff]reserved
[    0.000000] BIOS-e820: [memx0000000000f0000-0x00000000000fffff] reserved
[    0.000000] BIOS-e820: [mem 0x0000000000100000-0x000000003ffeffff] usable
[    0.000000] BIOS-e820: [mem 0x000000003fff0000-0x000000003fffffff] ACPI data
[    0.000000] BIOS-e820: [mem 0x00000000fec00000-0x00000000fec00fff] reserved
[    0.000000] BIOS-e820: [mem 0x00000000fee00000-0x00000000fee00fff] reserved
[    0.000000] BIOS-e820: [mem 0x00000000fffc0000-0x00000000ffffffff] reserved
[    0.000000] NX (Execute Disable) protection: active
[    0.000000] SMBIOS 2.5 present.
[    0.000000] DMI: innotek GmbH VirtualBox/VirtualBox, BIOS VirtualBox 12/01/2006
[    0.000000] Hypervisor detected: KVM
[    0.000000] e820: last_pfn = 0x3fff0 max_arch_pfn = 0x400000000
[    0.000000] MTRR: Disabled
[    0.000000] x86/PAT: MTRRs disabled, skipping PAT initialization too.
[    0.000000] CPU MTRRs all blank - virtualized system.
[    0.000000] x86/PAT: Configuration [0-7]: WB  WT  UC- UC  WB  WT  UC- UC  
[    0.000000] found SMP MP-table at [mem 0x0009fff0-0x0009ffff]
[    0.000000] Scanning 1 areas for low memory corruption
[    0.000000] RAMDISK: [mem 0x35a89000-0x36d3bfff]
[    0.000000] ACPI: Early table checksum verification disabled
[    0.000000] ACPI: RSDP 0x00000000000E0000 000024 (v02 VBOX  )
[    0.000000] ACPI: XSDT 0x000000003FFF0030 00003C (v01 VBOX   VBOXXSDT 00000001 ASL  00000061)
[    0.000000] ACPI: FACP 0x000000003FFF00F0 0000F4 (v04 VBOX   VBOXFACP 00000001 ASL  00000061)
[    0.000000] ACPI: DSDT 0x000000003FFF0470 0021FF (v02 VBOX   VBOXBIOS 00000002 INTL 20180105)
[    0.000000] ACPI: FACS 0x000000003FFF0200 000040
[    0.000000] ACPI: FACS 0x000000003FFF0200 000040
[    0.000000] ACPI: APIC 0x000000003FFF0240 00005C (v02 VBOX   VBOXAPIC 00000001 ASL  00000061)
[    0.000000] ACPI: SSDT 0x000000003FFF02A0 0001CC (v01 VBOX   VBOXCPUT 00000002 INTL 20180105)
[    0.000000] No NUMA configuration found
[    0.000000] Faking a node at [mem 0x0000000000000000-0x000000003ffeffff]
[    0.000000] NODE_DATA(0) allocated [mem 0x3ffc5000-0x3ffeffff]
[    0.000000] kvm-clock: cpu 0, msr 0:3ff44001, primary cpu clock
[    0.000000] kvm-clock: Using msrs 4b564d01 and 4b564d00
[    0.000000] kvm-clock: using sched offset of 3394861898 cycles
[    0.000000] clocksource: kvm-clock: mask: 0xffffffffffffffff max_cycles: 0x1cd42e4dffb, max_idle_ns: 881590591483 ns
[    0.000000] Zone ranges:
[    0.000000]   DMA      [mem 0x0000000000001000-0x0000000000ffffff]
[    0.000000]   DMA32    [mem 0x0000000001000000-0x000000003ffeffff]
[    0.000000]   Normal   empty
[    0.000000]   Device   empty
[    0.000000] Movable zone start for each node
[    0.000000] Early memory node ranges
[    0.000000]   node   0: [mem 0x0000000000001000-0x000000000009efff]
[    0.000000]   node   0: [mem 0x0000000000100000-0x000000003ffeffff]
[    0.000000] Reserved but unavailable: 98 pages
[    0.000000] Initmem setup node 0 [mem 0x0000000000001000-0x000000003ffeffff]
[    0.000000] ACPI: PM-Timer IO Port: 0x4008
[    0.000000] IOAPIC[0]: apic_id 2, version 32, address 0xfec00000, GSI 0-23
[    0.000000] ACPI: INT_SRC_OVR (bus 0 bus_irq 0 global_irq 2 dfl dfl)
[    0.000000] ACPI: INT_SRC_OVR (bus 0 bus_irq 9 global_irq 9 low level)
[    0.000000] Using ACPI (MADT) for SMP configuration information
[    0.000000] smpboot: Allowing 2 CPUs, 0 hotplug CPUs
[    0.000000] PM: Registered nosave memory: [mem 0x00000000-0x00000fff]
[    0.000000] PM: Registered nosave memory: [mem 0x0009f000-0x0009ffff]
[    0.000000] PM: Registered nosave memory: [mem 0x000a0000-0x000effff]
[    0.000000] PM: Registered nosave memory: [mem 0x000f0000-0x000fffff]
[    0.000000] e820: [mem 0x40000000-0xfebfffff] available for PCI devices
[    0.000000] Booting paravirtualized kernel on KVM
[    0.000000] clocksource: refined-jiffies: mask: 0xffffffff max_cycles: 0xffffffff, max_idle_ns: 7645519600211568 ns
[    0.000000] random: get_random_bytes called from start_kernel+0x99/0x4fd with crng_init=0
[    0.000000] setup_percpu: NR_CPUS:8192 nr_cpumask_bits:2 nr_cpu_ids:2 nr_node_ids:1
[    0.000000] percpu: Embedded 45 pages/cpu s147456 r8192 d28672 u1048576
[    0.000000] PV qspinlock hash table entries: 256 (order: 0, 4096 bytes)
[    0.000000] Built 1 zonelists, mobility grouping on.  Total pages: 257913
[    0.000000] Policy zone: DMA32
[    0.000000] Kernel command line: BOOT_IMAGE=/boot/vmlinuz-4.15.0-70-generic root=LABEL=cloudimg-rootfs ro console=tty1 console=ttyS0
[    0.000000] Memory: 983440K/1048120K available (12300K kernel code, 2481K rwdata, 4264K rodata, 2432K init, 2388K bss, 64680K reserved, 0K cma-reserved)
[    0.000000] SLUB: HWalign=64, Order=0-3, MinObjects=0, CPUs=2, Nodes=1
[    0.000000] Kernel/User page tables isolation: enabled
[    0.000000] ftrace: allocating 39315 entries in 154 pages
[    0.004000] Hierarchical RCU implementation.
[    0.004000] 	RCU restricting CPUs from NR_CPUS=8192 to nr_cpu_ids=2.
[    0.004000] 	Tasks RCU enabled.
[    0.004000] RCU: Adjusting geometry for rcu_fanout_leaf=16, nr_cpu_ids=2
[    0.004000] NR_IRQS: 524544, nr_irqs: 440, preallocated irqs: 16
[    0.004000] Console: colour VGA+ 80x25
[    0.004000] console [tty1] enabled
[    0.004000] console [ttyS0] enabled
[    0.004000] ACPI: Core revision 20170831
[    0.004000] ACPI: 2 ACPI AML tables successfully acquired and loaded
[    0.004000] APIC: Switch to symmetric I/O mode setup
[    0.004000] x2apic enabled
[    0.004000] Switched APIC routing to physical x2apic.
[    0.004000] ..TIMER: vector=0x30 apic1=0 p1=2 apic2=-1 pin2=-1
[    0.004006] tsc: Detected 1991.999 MHz processor
[    0.004589] Calibrating delay loop (skipped) preset value.. 3983.99 BogoMIPS (lpj=7967996)
[    0.005026] pid_max: default: 32768 minimum: 301
[    0.008034] Security Framework initialized
[    0.008535] Yama: becoming mindful.
[    0.009044] AppArmor: AppArmor initialized
[    0.012452] Dentry cache hash table entries: 131072 (order: 8, 1048576 bytes)
[    0.013332] Inode-cache hash table entries: 65536 (order: 7, 524288 bytes)
[    0.016009] Mount-cache hash table entries: 2048 (order: 2, 16384 bytes)
[    0.020004] Mountpoint-cache hash table entries: 2048 (order: 2, 16384 bytes)
[    0.021129] Last level iTLB entries: 4KB 64, 2MB 8, 4MB 8
[    0.021765] Last level dTLB entries: 4KB 64, 2MB 0, 4MB 0, 1GB 4
[    0.024002] Spectre V1 : Mitigation: usercopy/swapgs barriers and __user pointer sanitization
[    0.025006] Spectre V2 : Mitigation: Full generic retpoline
[    0.025805] Spectre V2 : Spectre v2 / SpectreRSB mitigation: Filling RSB on context switch
[    0.028001] Speculative Store Bypass: Vulnerable
[    0.028590] MDS: Mitigation: Clear CPU buffers
[    0.029266] Freeing SMP alternatives memory: 36K
[    0.140000] smpboot: CPU0: Intel(R) Core(TM) i7-8550U CPU @ 1.80GHz (family: 0x6, model: 0x8e, stepping: 0xa)
[    0.140050] Performance Events: unsupported p6 CPU model 142 no PMU driver, software events only.
[    0.144026] Hierarchical SRCU implementation.
[    0.145105] NMI watchdog: Perf event create on CPU 0 failed with -2
[    0.148005] NMI watchdog: Perf NMI watchdog permanently disabled
[    0.152063] smp: Bringing up secondary CPUs ...
[    0.156100] x86: Booting SMP configuration:
[    0.160004] .... node  #0, CPUs:      #1
[    0.004000] kvm-clock: cpu 1, msr 0:3ff44041, secondary cpu clock
[    0.490270] smp: Brought up 1 node, 2 CPUs
[    0.492007] smpboot: Max logical packages: 1
[    0.496003] smpboot: Total of 2 processors activated (7967.99 BogoMIPS)
[    0.498155] devtmpfs: initialized
[    0.500047] x86/mm: Memory block size: 128MB
[    0.500761] evm: security.selinux
[    0.501221] evm: security.SMACK64
[    0.504002] evm: security.SMACK64EXEC
[    0.504500] evm: security.SMACK64TRANSMUTE
[    0.505063] evm: security.SMACK64MMAP
[    0.505561] evm: security.apparmor
[    0.506056] evm: security.ima
[    0.506476] evm: security.capability
[    0.507011] clocksource: jiffies: mask: 0xffffffff max_cycles: 0xffffffff, max_idle_ns: 7645041785100000 ns
[    0.508010] futex hash table entries: 512 (order: 3, 32768 bytes)
[    0.509199] pinctrl core: initialized pinctrl subsystem
[    0.509971] RTC time: 19:05:46, date: 11/24/19
[    0.512120] NET: Registered protocol family 16
[    0.516106] audit: initializing netlink subsys (disabled)
[    0.517145] audit: type=2000 audit(1574622350.305:1): state=initialized audit_enabled=0 res=1
[    0.517145] cpuidle: using governor ladder
[    0.520009] cpuidle: using governor menu
[    0.520846] ACPI: bus type PCI registered
[    0.521693] acpiphp: ACPI Hot Plug PCI Controller Driver version: 0.5
[    0.523037] PCI: Using configuration type 1 for base access
[    0.525469] HugeTLB registered 2.00 MiB page size, pre-allocated 0 pages
[    0.528091] ACPI: Added _OSI(Module Device)
[    0.528756] ACPI: Added _OSI(Processor Device)
[    0.529442] ACPI: Added _OSI(3.0 _SCP Extensions)
[    0.530179] ACPI: Added _OSI(Processor Aggregator Device)
[    0.532004] ACPI: Added _OSI(Linux-Dell-Video)
[    0.532689] ACPI: Added _OSI(Linux-Lenovo-NV-HDMI-Audio)
[    0.534826] ACPI: Added _OSI(Linux-HPI-Hybrid-Graphics)
[    0.536298] ACPI: Executed 1 blocks of module-level executable AML code
[    0.542001] ACPI: Interpreter enabled
[    0.543784] ACPI: (supports S0 S5)
[    0.544003] ACPI: Using IOAPIC for interrupt routing
[    0.545114] PCI: Using host bridge windows from ACPI; if necessary, use "pci=nocrs" and report a bug
[    0.548138] ACPI: Enabled 2 GPEs in block 00 to 07
[    0.553710] ACPI: PCI Root Bridge [PCI0] (domain 0000 [bus 00-ff])
[    0.556010] acpi PNP0A03:00: _OSC: OS supports [ASPM ClockPM Segments MSI]
[    0.556890] acpi PNP0A03:00: _OSC: not requesting OS control; OS requires [ExtendedConfig ASPM ClockPM MSI]
[    0.558123] acpi PNP0A03:00: fail to add MMCONFIG information, can't access extended PCI configuration space under this bridge.
[    0.560285] PCI host bridge to bus 0000:00
[    0.564006] pci_bus 0000:00: root bus resource [io  0x0000-0x0cf7 window]
[    0.568008] pci_bus 0000:00: root bus resource [io  0x0d00-0xffff window]
[    0.572009] pci_bus 0000:00: root bus resource [mem 0x000a0000-0x000bffff window]
[    0.576010] pci_bus 0000:00: root bus resource [mem 0x40000000-0xfdffffff window]
[    0.576999] pci_bus 0000:00: root bus resource [bus 00-ff]
[    0.581382] pci 0000:00:01.1: legacy IDE quirk: reg 0x10: [io  0x01f0-0x01f7]
[    0.582222] pci 0000:00:01.1: legacy IDE quirk: reg 0x14: [io  0x03f6]
[    0.583025] pci 0000:00:01.1: legacy IDE quirk: reg 0x18: [io  0x0170-0x0177]
[    0.584002] pci 0000:00:01.1: legacy IDE quirk: reg 0x1c: [io  0x0376]
[    0.597640] pci 0000:00:07.0: quirk: [io  0x4000-0x403f] claimed by PIIX4 ACPI
[    0.600014] pci 0000:00:07.0: quirk: [io  0x4100-0x410f] claimed by PIIX4 SMB
[    0.609150] ACPI: PCI Interrupt Link [LNKA] (IRQs 5 9 10 *11)
[    0.611740] ACPI: PCI Interrupt Link [LNKB] (IRQs 5 9 *10 11)
[    0.612107] ACPI: PCI Interrupt Link [LNKC] (IRQs 5 *9 10 11)
[    0.613024] ACPI: PCI Interrupt Link [LNKD] (IRQs 5 9 10 *11)
[    0.614244] SCSI subsystem initialized
[    0.614920] pci 0000:00:02.0: vgaarb: setting as boot VGA device
[    0.614920] pci 0000:00:02.0: vgaarb: VGA device added: decodes=io+mem,owns=io+mem,locks=none
[    0.616010] pci 0000:00:02.0: vgaarb: bridge control possible
[    0.616849] vgaarb: loaded
[    0.617342] ACPI: bus type USB registered
[    0.620052] usbcore: registered new interface driver usbfs
[    0.620904] usbcore: registered new interface driver hub
[    0.621723] usbcore: registered new device driver usb
[    0.622578] EDAC MC: Ver: 3.0.0
[    0.624098] PCI: Using ACPI for IRQ routing
[    0.624971] NetLabel: Initializing
[    0.625562] NetLabel:  domain hash size = 128
[    0.626247] NetLabel:  protocols = UNLABELED CIPSOv4 CALIPSO
[    0.627166] NetLabel:  unlabeled traffic allowed by default
[    0.628075] clocksource: Switched to clocksource kvm-clock
[    0.641019] VFS: Disk quotas dquot_6.6.0
[    0.644127] VFS: Dquot-cache hash table entries: 512 (order 0, 4096 bytes)
[  0455]ppmo ApArmor Filesystem Enabled
[    0.955235] pnp: PnP ACPI init
[   0560]npPnP ACPI: found 3 devices
[  1038]losoceac_p mask:xfffmacyes0xffffff, max_idle_ns: 2085701024 ns

[    1.824529] NET: Registered protocol family 2
[    1.825600] TCP established hash table entries: 8192 (order: 4, 65536 bytes)
[    1.826478] TCP bind hash table entries: 8192 (order: 5, 131072 bytes)
[    1.827293] TCP: Hsh tables configured (esblhe81 bd 92
[  2195]DPastae trs:12order: 2, 16384 bytes)
[    2.767148] UDP-Lite hash table entries: 512 (order: 2, 16384 bytes)
[    2.767961] NET: Registered protocol family 1
[    2.768536] pci 0000:00:00.0: Limiting direct PCI/PCI transfers
[    2.769278] pci 0000:00:01.0: Activating ISA DMA hang workarounds
[    2.770067] pci 0000:00:02.0: Video device with shadowed ROM at [mem 0x000c0000-0x000dffff][   81951] Unpacking initramfs...
[    3.299846] Freeing initrd memory: 19148K
[    3.421654] clocksource: tsc: mask: 0xffffffffffffffff max_cycles: 0x396d4ffc055, max_idle_ns: 881590662783 ns
[    3.749479] platform rtc_cmos: registered platform RTC device (no PNP device found)
[    3.760909] Scanning for low memory corruption every 60 seconds
[    3.762152] Initialise system trusted keyrings
[    3.826489] Key type blacklist registered
[    3.832385] workingset: timestamp_bits=36 max_order=18 bucket_order=0
[    3.833908] zbud: loaded
[    3.834758] squashfs: version 4.0 (2009/01/31) Phillip Lougher
[    3.836731] fuse init (API version 7.26)
[    3.840427] Key type asymmetric registered
[    3.840997] Asymmetric key parser 'x509' registered
[    3.841662] Block layer SCSI generic (bsg) driver version 0.4 loaded (major 246)
[    3.842714] io scheduler noop registered
[    3.843290] io scheduler deadline registered
[    3.843881] io scheduler cfq registered (default)
[    3.844768] ACPI: AC Adapter [AC] (on-line)
[    3.845367] input: Power Button as /devices/LNXSYSTM:00/LNXPWRBN:00/input/input0
[    3.846401] ACPI: Power Button [PWRF]
[    3.846982] input: Sleep Button as /devices/LNXSYSTM:00/LNXSLPBN:00/input/input1
[    3.847949] ACPI: Sleep Button [SLPF]
[    3.848774] Serial: 8250/16550 driver, 32 ports, IRQ sharing enabled
[    3.849706] ACPI: Battery Slot [BAT0] (battery present)
[    3.872779] 00:02: ttyS0 at I/O 0x3f8 (irq = 4, base_baud = 115200) is a 16550A
[    3.875906] Linux agpgart interface v0.103
[    3.877451] loop: module loaded
[    3.878316] scsi host0: ata_piix
[    3.878944] scsi host1: ata_piix
[    3.879414] ata1: PATA max UDMA/33 cmd 0x1f0 ctl 0x3f6 bmdma 0xd000 irq 14
[    3.880345] ata2: PATA max UDMA/33 cmd 0x170 ctl 0x376 bmdma 0xd008 irq 15
[    3.881514] libphy: Fixed MDIO Bus: probed
[    3.882135] tun: Universal TUN/TAP device driver, 1.6
[    3.882853] PPP generic driver version 2.4.2
[    3.883565] ehci_hcd: USB 2.0 'Enhanced' Host Controller (EHCI) Driver
[    3.884591] ehci-pci: EHCI PCI platform driver
[    3.888309] ehci-platform: EHCI generic platform driver
[    3.903110] ohci_hcd: USB 1.1 'Open' Host Controller (OHCI) Driver
[    3.908774] ohci-pci: OHCI PCI platform driver
[    3.909358] ohci-platform: OHCI generic platform driver
[    3.910019] uhci_hcd: USB Universal Host Controller Interface driver
[    3.910861] i8042: PNP: PS/2 Controller [PNP0303:PS2K,PNP0f03:PS2M] at 0x60,0x64 irq 1,12
[    3.912378] serio: i8042 KBD port at 0x60,0x64 irq 1
[    4.052522] serio: i8042 AUX port at 0x60,0x64 irq 12
[    4.231864] mousedev: PS/2 mouse device common for all mice
[    4.437696] iput: AT Translated Set 2 keyboard as /devices/platform/i8042/serio0/input/input2
[    4.444052] rtc_cmos rtc_cmos: rtc core: registered rtc_cmos as rtc0
[    4.945111] rtc_cmos rtc_cmos: alarms up to one day, 114 bytes nvram
[    4.946004] i2c /dev entries driver
[    4.946555] device-mapper: uevent: version 1.0.3
[    4.947406] device-mapper: ioctl: 4.37.0-ioctl (2017-09-20) initialised: dm-devel@redhat.com
[    4.974201] ledtrig-cpu: registered to indicate activity on CPUs
[    4.979590] NET: Registered protocol family 10
[    4.983762] Segment Routing with IPv6
[    4.984419] NET: Registered protocol family 17
[    4.985197] Key type dns_resolver registered
[    4.986089] mce: Using 0 MCE banks
[    4.986690] RAS: Correctable Errors collector initialized.
[    4.987539] sched_clock: Marking stable (4986063917, 0)->(7653712369, -2667648452)
[    4.989234] registered taskstats version 1
[    4.989886] Loading compiled-in X.509 certificates
[    5.435925] Loaded X.509 cert 'Build time autogenerated kernel key: 1859b0531897959199376c446a0bd70df75fd1fc'
[    5.774566] zswap: loaded using pool lzo/zbud
[    6.000027] Key type big_key registered
[    6.000611] Key type trusted registered
[    6.002923] Key type encrypted registered
[    6.017244] AppArmor: AppArmor sha1 policy hashing enabled
[    6.017994] ima: No TPM chip found, activating TPM-bypass! (rc=-19)
[    6.018831] ima: Allocated hash algorithm: sha1
[    6.020503] evm: HMAC attrs: 0x1
[    6.022171]   Magic number: 11:364:92
[    6.022903]  container: hash matches
[    6.023549] rtc_cmos rtc_cmos: setting system clock to 2019-11-24 19:05:53 UTC (1574622353)
[    6.024888] BIOS EDD facility v0.16 2004-Jun-25, 0 devices found
[    6.025716] EDD information not available.
[    6.028792] Freeing unused kernel image memory: 2432K
[    6.040083] Write protecting the kernel read-only data: 20480k
[    6.041722] Freeing unused kernel image memory: 2008K
[    6.042840] Freeing unused kernel image memory: 1880K
[    6.049972] x86/mm: Checked W+X mappings: passed, no W+X pages found.
[    6.054306] x86/mm: Checking user space page tables
[    6.061676] x86/mm: Checked W+X mappings: passed, no W+X pages found.
Loading, please wait...
starting version 237
[    6.118101] Fusion MPT base driver 3.04.20
[    6.118764] Copyright (c) 1999-2008 LSI Corporation
[    6.137046] e1000: Intel(R) PRO/1000 Network Driver - version 7.3.21-k8-NAPI
[    6.138381] e1000: Copyright (c) 1999-2006 Intel Corporation.
[    6.142615] Fusion MPT SPI Host driver 3.04.20
[    6.144833] mptbase: ioc0: Initiating bringup
[    6.147430] AVX2 version of gcm_enc/dec engaged.
[    6.148336] AES CTR mode by8 optimization enabled
[    6.244753] ioc0: LSI53C1030 A0: Capabilities={Initiator}
[    6.344615] input: ImExPS/2 Generic Explorer Mouse as /devices/platform/i8042/serio1/input/input4
[    6.590624] scsi host2: ioc0: LSI53C1030 A0, FwRev=00000000h, Ports=1, MaxQ=256, IRQ=20
[    6.761274] scsi 2:0:0:0: Direct-Access     VBOX     HARDDISK         1.0  PQ: 0 ANSI: 5
[    6.796405] scsi target2:0:0: Beginning Domain Validation
[    6.799746] scsi target2:0:0: Domain Validation skipping write tests
[    6.802923] scsi target2:0:0: Ending Domain Validation
[    6.804906] scsi target2:0:0: asynchronous
[    6.807960] scsi 2:0:1:0: Direct-Access     VBOX     HARDDISK         1.0  PQ: 0 ANSI: 5
[    7.076251] scsi target2:0:1: Beginning Domain Validation
[    7.095092] random: fast init done
[    7.095860] scsi target2:0:1: Domain Validation skipping write tests
[    7.117939] scsi target2:0:1: Ending Domain Validation
[    7.118788] scsi target2:0:1: asynchronous
[    7.122533] sd 2:0:0:0: Attached scsi generic sg0 type 0
[    7.122796] random: systemd-udevd: uninitialized urandom read (16 bytes read)
[    7.123409] sd 2:0:1:0: Attached scsi generic sg1 type 0
[    7.124196] random: systemd-udevd: uninitialized urandom read (16 bytes read)
[    7.124841] sd 2:0:0:0: [sda] 20971520 512-byte logical blocks: (10.7 GB/10.0 GiB)
[    7.154262] e1000 0000:00:03.0 eth0: (PCI:33MHz:32-bit) 02:12:8f:b5:56:32
[    7.159270] e1000 0000:00:03.0 eth0: Intel(R) PRO/1000 Network Connection
[    7.159293] sd 2:0:0:0: [sda] Write Protect is off
[    7.823802] random: systemd-udevd: uninitialized urandom read (16 bytes read)
[    8.183871] sd 2:0:1:0: [sdb] 20480 512-byte logical blocks: (10.5 MB/10.0 MiB)
[    8.183875] sd 2:0:0:0: [sda] Incomplete mode parameter data
[    8.184871] sd 2:0:1:0: [sdb] Write Protect is off
[    8.184926] sd 2:0:1:0: [sdb] Incomplete mode parameter data
[    8.184928] sd 2:0:1:0: [sdb] Assuming drive cache: write through
[    8.185657] sd 2:0:0:0: [sda] Assuming drive cache: write through
[    8.186444] random: systemd-udevd: uninitialized urandom read (16 bytes read)
[    8.190259] random: systemd-udevd: uninitialized urandom read (16 bytes read)
[    8.191204] random: systemd-udevd: uninitialized urandom read (16 bytes read)
[    8.193076]  sda: sda1
[    8.193304] sd 2:0:1:0: [sdb] Attached SCSI disk
[    8.194480] sd 2:0:0:0: [sda] Attached SCSI disk
[    8.543940] e1000 0000:00:08.0 eth1: (PCI:33MHz:32-bit) 08:00:27:c8:bb:fe
[    9.133805] e1000 0000:00:08.0 eth1: Intel(R) PRO/1000 Network Connection
[    9.135739] e1000 0000:00:03.0 enp0s3: renamed from eth0
[    9.152447] e1000 0000:00:08.0 enp0s8: renamed from eth1
Begin: Loading essential drivers ... [   10.700067] raid6: sse2x1   gen() 11848 MB/s
[   10.844065] raid6: sse2x1   xor()  8181 MB/s
[   11.016035] raid6: sse2x2   gen() 14136 MB/s
[   11.188071] raid6: sse2x2   xor()  9461 MB/s
[   11.360068] raid6: sse2x4   gen() 15621 MB/s
[   11.508063] raid6: sse2x4   xor()  7067 MB/s
[   11.556018] raid6: avx2x1   gen() 18764 MB/s
[   11.688064] raid6: avx2x1   xor() 15071 MB/s
[   11.804065] raid6: avx2x2   gen() 24983 MB/s
[   11.960062] raid6: avx2x2   xor() 16772 MB/s
[   12.128067] raid6: avx2x4   gen() 30219 MB/s
[   12.208059] raid6: avx2x4   xor() 18797 MB/s
[   12.260328] raid6: using algorithm avx2x4 gen() 30219 MB/s
[   12.422438] raid6: .... xor() 18797 MB/s, rmw enabled
[   12.540071] raid6: using avx2x2 recovery algorithm
[   12.542019] xor: automatically using best checksumming function   avx       
[   12.544046] async_tx: api initialized (async)
done.
Begin: Running /scripts/init-premount ... done.
Begin: Mounting root file system ... Begin: Running /scripts/local-top ... done.
Begin: Running /scripts/local-premount ... [   12.586822] Btrfs loaded, crc32c=crc32c-intel
Scanning for Btrfs filesystems
done.
Warning: fsck not present, so skipping root file system
[   12.621055] EXT4-fs (sda1): mounted filesystem with ordered data mode. Opts: (null)
done.
Begin: Running /scripts/local-bottom ... done.
Begin: Running /scripts/init-bottom ... done.
[   12.836441] ip_tables: (C) 2000-2006 Netfilter Core Team
[   13.210096] systemd[1]: systemd 237 running in system mode. (+PAM +AUDIT +SELINUX +IMA +APPARMOR +SMACK +SYSVINIT +UTMP +LIBCRYPTSETUP +GCRYPT +GNUTLS +ACL +XZ +LZ4 +SECCOMP +BLKID +ELFUTILS +KMOD -IDN2 +IDN -PCRE2 default-hierarchy=hybrid)
[   13.655759] systemd[1]: Detected virtualization oracle.
[   13.656439] systemd[1]: Detected architecture x86-64.

Welcome to [1mUbuntu 18.04.3 LTS[0m!

[   13.661737] systemd[1]: Set hostname to <ubuntu>.
[   13.664153] systemd[1]: Initializing machine ID from random generator.
[   13.666187] systemd[1]: Installed transient /etc/machine-id file.
[   13.988626] systemd[1]: Started Forward Password Requests to Wall Directory Watch.
[[0;32m  OK  [0m] Started Forward Password Requests to Wall Directory Watch.
[   14.136248] systemd[1]: Reached target Swap.
[[0;32m  OK  [0m] Reached target Swap.
[   14.138785] systemd[1]: Created slice User and Session Slice.
[[0;32m  OK  [0m] Created slice User and Session Slice.
[   14.756357] systemd[1]: Set up automount Arbitrary Executable File Formats File System Automount Point.
[[0;32m  OK  [0m] Set up automount Arbitrary Executab…rmats File System Automount Point.
[[0;32m  OK  [0m] Reached target System Time Synchronized.
[[0;32m  OK  [0m] Created slice System Slice.
[[0;32m  OK  [0m] Listening on LVM2 metadata daemon socket.
[[0;32m  OK  [0m] Listening on udev Control Socket.
[[0;32m  OK  [0m] Listening on LVM2 poll daemon socket.
[[0;32m  OK  [0m] Listening on Journal Audit Socket.
[[0;32m  OK  [0m] Listening on Network Service Netlink Socket.
[[0;32m  OK  [0m] Listening on Device-mapper event daemon FIFOs.
[[0;32m  OK  [0m] Created slice system-serial\x2dgetty.slice.
[[0;32m  OK  [0m] Listening on udev Kernel Socket.
[[0;32m  OK  [0m] Reached target Slices.
[[0;32m  OK  [0m] Listening on Syslog Socket.
[[0;32m  OK  [0m] Listening on /dev/initctl Compatibility Named Pipe.
[[0;32m  OK  [0m] Reached target User and Group Name Lookups.
[[0;32m  OK  [0m] Listening on Journal Socket.
         Mounting Kernel Debug File System...
         Starting Remount Root and Kernel File Systems...
         Starting Uncomplicated firewall...
         Mounting POSIX Message Queue File System...
[   15.035956] EXT4-fs (sda1): re-mounted. Opts: (null)
         Starting Monitoring of LVM2 mirrors…ng dmeventd or progress polling...
         Starting Load Kernel Modules...
         Starting Set the console keyboard layout...
         Starting udev Coldplug all Devices...
         Mounting Huge Pages File System...
[[0;32m  OK  [0m] Listening on Journal Socket (/dev/log).
         Starting Journal Service...
         Starting Create list of required st…ce nodes for the current kernel...
[[0;32m  OK  [0m] Mounted Kernel Debug File System.
[[0;32m  OK  [0m] Started Remount Root and Kernel File Systems.
[[0;32m  OK  [0m] Mounted POSIX Message Queue File System.
[[0;32m  OK  [0m] Mounted Huge Pages File System.
[   15.094434] Loading iSCSI transport class v2.0-870.
         Startin[   15.566323] iscsi: registered transport (tcp)
g Load/Save Random Seed...
[[0;32m  OK  [[   15.696507] iscsi: registered transport (iser)
0m] Started Journal Service.
[[0;32m  OK  [0m] Started Uncomplicated firewall.
[[0;32m  OK  [0m] Started Load Kernel Modules.
[[0;32m  OK  [0m] Started Set the console keyboard layout.
[[0;32m  OK  [0m] Started Create list of required sta…vice nodes for the current kernel.
[[0;32m  OK  [0m] Started Load/Save Random Seed.
[[0;32m  OK  [0m] Started LVM2 metadata daemon.
         Starting Create Static Device Nodes in /dev...
         Mounting FUSE Control File System...
         Mounting Kernel Configuration File System...
         Starting Apply Kernel Variables...
         Starting Flush Journal to Persistent Storage...
[[0;32m  OK  [0m] Mounted FUSE Control File System.
[[0;32m  OK  [0m] Mounted Kernel Configuration File System.
[[0;32m  OK  [[   15.901956] random: crng init done
0m] Started Create Static Device Nodes in /dev.
[   15.905672] random: 4 urandom warning(s) missed due to ratelimiting
         Starting udev Kernel Device Manager...
[[0;32m  OK  [0m] Started Monitoring of LVM2 mirrors,…sing dmeventd or progress polling.
[[0;32m  OK  [0m] Reached target Local File Systems (Pre).
[[0;32m  OK  [0m] Reached target Local File Systems.
         Starting AppArmor initialization...
         Starting Set console font and keymap...
         Starting ebtables ruleset management...
         Starting Tell Plymouth To Write Out Runtime Data...
         Starting Commit a transient machine-id on disk...
[[0;32m  OK  [0m] Started udev Kernel Device Manager.
[[0;32m  OK  [0m] Started udev Coldplug all Devices.
[[0;32m  OK  [0m] Started Apply Kernel Variables.
[[0;32m  OK  [0m] Started Set console font and keymap.
[[0;32m  OK  [0m] Started Tell Plymouth To Write Out Runtime Data.
[[0;32m  OK  [0m] Started Commit a transient machine-id on disk.
[[0;32m  OK  [0m] Found device /dev/ttyS0.
[[0;32m  OK  [0m] Started ebtables ruleset management.
[[0;32m  OK  [0m] Listening on Load/Save RF Kill Switch Status /dev/rfkill Watch.
[[0;32m  OK  [0m] Started Dispatch Password Requests to Console Directory Watch.
[[0;32m  OK  [0m] Reached target Local Encrypted Volumes.
[[0;32m  OK  [0m] Started Flush Journal to Persistent Storage.
         Starting Create Volatile Files and Directories...
[[0;32m  OK  [0m] Started Create Volatile Files and Directories.
         Starting Update UTMP about System Boot/Shutdown...
[[0;32m  OK  [0m] Started Update UTMP about System Boot/Shutdown.
[[0;32m  OK  [0m] Started AppArmor initialization.
         Starting Initial cloud-init job (pre-networking)...
[   17.933121] cloud-init[538]: Cloud-init v. 19.2-36-g059d049c-0ubuntu2~18.04.1 running 'init-local' at Sun, 24 Nov 2019 19:06:05 +0000. Up 17.63 seconds.
[[0;32m  OK  [0m] Started Initial cloud-init job (pre-networking).
[[0;32m  OK  [0m] Reached target Network (Pre).
         Starting Network Service...
[[0;32m  OK  [0m] Started Network Service.
         Starting Wait for Network to be Configured...
         Starting Network Name Resolution...
[[0;32m  OK  [0m] Started Network Name Resolution.
[[0;32m  OK  [0m] Reached target Host and Network Name Lookups.
[[0;32m  OK  [0m] Reached target Network.
[[0;32m  OK  [0m] Started Wait for Network to be Configured.
         Starting Initial cloud-init job (metadata service crawler)...
[   19.883513] cloud-init[659]: Cloud-init v. 19.2-36-g059d049c-0ubuntu2~18.04.1 running 'init' at Sun, 24 Nov 2019 19:06:07 +0000. Up 19.76 seconds.
[   19.916978] cloud-init[659]: ci-info: ++++++++++++++++++++++++++++++++++++++Net device info+++++++++++++++++++++++++++++++++++++++
[   19.938074] cloud-init[659]: ci-info: +--------+-------+----------------------------+---------------+--------+-------------------+
[   19.939374] cloud-init[659]: ci-info: | Device |   Up  |          Address           |      Mask     | Scope  |     Hw-Address    |
[   19.940613] cloud-init[659]: ci-info: +--------+-------+----------------------------+---------------+--------+-------------------+
[   19.941851] cloud-init[659]: ci-info: | enp0s3 |  True |         10.0.2.15          | 255.255.255.0 | global | 02:12:8f:b5:56:32 |
[   19.958296] cloud-init[659]: ci-info: | enp0s3 |  True | fe80::12:8fff:feb5:5632/64 |       .       |  link  | 02:12:8f:b5:56:32 |
[   20.042607] cloud-init[659]: ci-info: | enp0s8 | False |             .              |       .       |   .    | 08:00:27:c8:bb:fe |
[   20.044363] cloud-init[659]: ci-info: |   lo   |  True |         127.0.0.1          |   255.0.0.0   |  host  |         .         |
[   20.046066] cloud-init[659]: ci-info: |   lo   |  True |          ::1/128           |       .       |  host  |         .         |
[   20.047800] cloud-init[659]: ci-info: +--------+-------+----------------------------+---------------+--------+-------------------+
[   20.049469] cloud-init[659]: ci-info: ++++++++++++++++++++++++++++Route IPv4 info+++++++++++++++++++++++++++++
[   20.050993] cloud-init[659]: ci-info: +-------+-------------+----------+-----------------+-----------+-------+
[   20.052431] cloud-init[659]: ci-info: | Route | Destination | Gateway  |     Genmask     | Interface | Flags |
[   20.079999] cloud-init[659]: ci-info: +-------+-------------+----------+-----------------+-----------+-------+
[   20.082795] cloud-init[659]: ci-info: |   0   |   0.0.0.0   | 10.0.2.2 |     0.0.0.0     |   enp0s3  |   UG  |
[   20.084585] cloud-init[659]: ci-info: |   1   |   10.0.2.0  | 0.0.0.0  |  255.255.255.0  |   enp0s3  |   U   |
[   20.086323] cloud-init[659]: ci-info: |   2   |   10.0.2.2  | 0.0.0.0  | 255.255.255.255 |   enp0s3  |   UH  |
[   20.088201] cloud-init[659]: ci-info: +-------+-------------+----------+-----------------+-----------+-------+
[   20.090150] cloud-init[659]: ci-info: +++++++++++++++++++Route IPv6 info+++++++++++++++++++
[   20.091924] cloud-init[659]: ci-info: +-------+-------------+---------+-----------+-------+
[   20.112023] cloud-init[659]: ci-info: | Route | Destination | Gateway | Interface | Flags |
[   20.116452] cloud-init[659]: ci-info: +-------+-------------+---------+-----------+-------+
[   20.117558] cloud-init[659]: ci-info: |   1   |  fe80::/64  |    ::   |   enp0s3  |   U   |
[   20.118608] cloud-init[659]: ci-info: |   3   |    local    |    ::   |   enp0s3  |   U   |
[   20.119624] cloud-init[659]: ci-info: |   4   |   ff00::/8  |    ::   |   enp0s3  |   U   |
[   20.184257] cloud-init[659]: ci-info: +-------+-------------+---------+-----------+-------+
[   20.498233] cloud-init[659]: Generating public/private rsa key pair.
[   20.511219] cloud-init[659]: Your identification has been saved in /etc/ssh/ssh_host_rsa_key.
[   20.517855] cloud-init[659]: Your public key has been saved in /etc/ssh/ssh_host_rsa_key.pub.
[   20.519297] cloud-init[659]: The key fingerprint is:
[   20.552355] [cloud-init[0;32m  OK  [0m[659]: ] SHA256:iUTL88D535VucFx8/GrPr+d5pAq3Fu0V729KVpFXAbE root@ubuntu-bionicStarted Initial cloud-init job (metadata service crawler).

[[0;32m  OK  [0m] Reached target Cloud-config availability.
[[0;32m  OK  [0m] Reached target System Initialization.
[[0;32m  OK  [0m] Listening on UUID daemon activation socket.
[[0;32m  OK  [0m] Listening on ACPID Listen Socket.
[[0;32m  OK  [0m] Started Daily apt download activities.
[   20.576589] cloud-init[659]:          Starting LXD - unix socket.
[[0;32m  OK  [0m] Started Discard unused blocks once a week.
[[0;32m  OK  [0m] Started ACPI Events Check.
[[0;32m  OK  [0m] Listening on D-Bus System Message Bus Socket.
[[0;32m  OK  [0m] Started Daily Cleanup of Temporary Directories.
[[0;32m  OK  [0m] Reached target Paths.
[[0;32m  OK  [0m] Listening on Open-iSCSI iscsid Socket.
[[0;32m  OK  [0m] Started Daily apt upgrade and clean activities.
[[0;32m  OK  [0m] Started Message of the Day.
[[0;32m  OK  [0m] Reached target Timers.
The key's randomart image is:
[   20.600163] cloud-init[659]: +---[RSA 2048]----+
[   20.601048] cloud-init[659]: |      .      oo.o|
[   20.601813] cloud-init[659]: |     + o      .oo|
[   20.602568] cloud-init[659]: |      O      E o*|
[   20.603288] cloud-init[659]: |     . * .   . +=|
[   20.603999] cloud-init[659]: |      . S   ..= =|
[   20.604764] cloud-init[659]: |         . ..=.o+|
         Starting Socket activation for snappy daemon.
[[0;32m  OK  [0m] Reached target Network is Online.
[   20.609183] cloud-init[659]: |          o ooB= |
[[0;32m  OK  [0m] Reached target Remote File Systems (Pre).
[[0;32m  OK  [0m] Reached target Remote File Systems.
[   20.651345] cloud-init[659]: |           o.*oo*|
         Starting Availability of block devices...
[[0;32m  OK  [0m] Listening on LXD - unix socket.
[[0;32m  OK  [0m] Listening on Socket activation for snappy daemon.
[[0;32m  OK  [0m] Started Availability of block devices.
[[0;32m  OK  [0m] Reached target Sockets.
[[0;32m  OK  [0m] Reached target Basic System.
         Starting LSB: automatic crash report generation...
[   20.711315] cloud-init[659]: |           .o.oBX|
         Starting Login Service...
[   20.825051] cloud-init[659]: +----[SHA256]-----+
[[0;32m  OK  [0m] Started Regular background program processing daemon.
[   20.906573] cloud-init[659]: Generating public/private dsa key pair.
         Starting System Logging Service...
[   20.968307] cloud-init[659]: Your identification has been saved in /etc/ssh/ssh_host_dsa_key.
         Starting Permit User Sessions...
[   21.019180] cloud-init[659]: Your public key has been saved in /etc/ssh/ssh_host_dsa_key.pub.
[[0;32m  OK  [0m] Started irqbalance daemon.
[   21.022326] cloud-init[659]: The key fingerprint is:
[[0;32m  OK  [0m] Started FUSE filesystem for LXC.
[   21.044666] cloud-init[659]: SHA256:LwHQte7yl0pZASMF97pFhD18YlBHIROi84lAj/hoEFg root@ubuntu-bionic
         Starting Snappy daemon...
[   21.149396] cloud-init[659]: The key's randomart image is:
[   21.152531]          Starting Pollinate to seed the pseudo random number generator...
cloud-init         Starting LXD - container startup/shutdown...
[659]: +---[DSA 1024]----+
         Starting Dispatcher daemon for systemd-networkd...
[   21.186454] cloud-init[659]: |o.E o.o+O**o+.   |         Starting Virtualbox guest utils...

[[0;32m  OK  [0m] Started D-Bus System Message Bus.
[   21.209158] cloud-init[659]: |.. o +.+.B*+.    |
[   21.210154] cloud-init[659]: |. . o = ..++     |
[   21.211172] cloud-init[659]: | . o . * + .     |
[   21.212477] cloud-init[659]: |  o . . S o      |
[   21.213469] cloud-init[659]: | .     . B       |
[   21.214516] cloud-init[659]: |      . * ..     |
[   21.215657] cloud-init[659]: |       + .o      |
[   21.217626] cloud-init[659]: |        oo       |
[   21.218720] cloud-init[659]: +----[SHA256]-----+
[[0;32m  OK  [0m] Started Login Service.
[[0;32m  OK  [0m] Started Unattended Upgrades Shutdown.
         Starting LSB: Record successful boot for GRUB...
[[0;32m  OK  [0m] Started Deferred execution scheduler.
         Starting Accounts Service...
[[0;32m  OK  [0m] Started System Logging Service.
[[0;32m  OK  [0m] Started Permit User Sessions.
         Starting Terminate Plymouth Boot Screen...
         Starting Hold until boot process finishes up...
[[0;32m  OK  [0m] Started Hold until boot process finishes up.
[[0;32m  OK  [0m] Started Serial Getty on ttyS0.
         Starting Set console scheme...
[[0;32m  OK  [0m] Started Terminate Plymouth Boot Screen.
[[0;32m  OK  [0m] Started LXD - container startup/shutdown.
[   21.310355] cloud-init[659]: Generating public/private ecdsa key pair.
[   21.312718] cloud-init[659]: Your identification has been saved in /etc/ssh/ssh_host_ecdsa_key.
[   21.313977] cloud-init[659]: Your public key has been saved in /etc/ssh/ssh_host_ecdsa_key.pub.
[   21.315254] cloud-init[659]: The key fingerprint is:
[   21.315954] cloud-init[659]: SHA256:pn1sh3NzgG4sz5/ccYVUCRFBfotfwd9vmqvwkxOJw50 root@ubuntu-bionic
[   21.317128] cloud-init[659]: The key's randomart image is:
[   21.317902] cloud-init[659]: +---[ECDSA 256]---+
[   21.318636] cloud-init[659]: |            .*= o|
[   21.319437] cloud-init[659]: |            . .o |
[   21.320203] cloud-init[659]: |             ..+ |
[   21.320962] cloud-init[659]: |           . .o.=|
[   21.321708] cloud-init[659]: |        S..o.+..=|
[   21.322653] cloud-init[659]: |       + ++.E.. +|
[   21.323402] cloud-init[659]: |      . o @.+oo.+|
[[0;32m  OK  [0m] Started Set console scheme.
[[0;32m  OK  [0m] Created slice system-getty.slice.
[   21.416584] cloud-init[659]: [[0;32m  OK  [0m] Started Getty on tty1.
[[0;32m  OK  [0m] Reached target Login Prompts.
[[0;32m  OK  [0m] Started LSB: automatic crash report generation.
|         B B+= * |
[   21.437989] cloud-init[659]: |          o.*+=. |
[   21.439218] cloud-init[659]: +----[SHA256]-----+
[   21.442619] cloud-init[659]: Generating public/private ed25519 key pair.
[   21.444390] cloud-init[659]: Your identification has been saved in /etc/ssh/ssh_host_ed25519_key.
[   21.482191] cloud-init[659]: Your public key has been saved in /etc/ssh/ssh_host_ed25519_key.pub.
         Starting Authorization Manager...
[   21.491048] cloud-init[659]: The key fingerprint is:[[0;32m  OK  [0m] Started LSB: Record successful boot for GRUB.

[   21.493986] cloud-init[659]: SHA256:ydHk74jhzkbTKTMsWbHcE3UXaCf7PccKgBcPoxags+8 root@ubuntu-bionic
[   21.495758] cloud-init[659]: The key's randomart image is:
[[0;32m  OK  [0m] Started Virtualbox guest utils.
[   21.509232] cloud-init[659]: +--[ED25519 256]--+
[   21.535427] cloud-init[659]: |      ..  ... o.o|
[   21.536438] cloud-init[659]: |     .  o+=  = o |
[   21.537358] cloud-init[659]: |    o  ..Bo*. +  |
[   21.538325] cloud-init[659]: |     o .Bo=...   |
[   21.539404] cloud-init[659]: |    .  =So +. ...|
[   21.540631] cloud-init[659]: |     .o.Booo.  o+|
[   21.542483] cloud-init[659]: |      .oo=. .. .o|
[   21.544903] cloud-init[659]: |     . o.     .  |
[   21.546227] cloud-init[659]: |      E.o        |
[[0;32m  OK  [0m] Started Authorization Manager.
[   21.556818] [[0;32m  OK  [0m] Started Accounts Service.
cloud-init[659]: +----[SHA256]-----+
[[0;32m  OK  [0m] Started Dispatcher daemon for systemd-networkd.
[[0;32m  OK  [0m] Started Snappy daemon.
         Starting Wait until snapd is fully seeded...
[[0;32m  OK  [0m] Started Pollinate to seed the pseudo random number generator.
         Starting OpenBSD Secure Shell server...
[[0;32m  OK  [0m] Started OpenBSD Secure Shell server.
[[0;32m  OK  [0m] Started Wait until snapd is fully seeded.
         Starting Apply the settings specified in cloud-config...
[[0;32m  OK  [0m] Reached target Multi-User System.
[[0;32m  OK  [0m] Reached target Graphical Interface.
         Starting Update UTMP about System Runlevel Changes...
[[0;32m  OK  [0m] Started Update UTMP about System Runlevel Changes.
[   23.518993] cloud-init[1197]: Cloud-init v. 19.2-36-g059d049c-0ubuntu2~18.04.1 running 'modules:config' at Sun, 24 Nov 2019 19:06:10 +0000. Up 23.18 seconds.
[[0;32m  OK  [0m] Started Apply the settings specified in cloud-config.
         Starting Execute cloud user/final scripts...
ci-info: no authorized ssh keys fingerprints found for user ubuntu.
<14>Nov 24 19:06:11 ec2: 
<14>Nov 24 19:06:11 ec2: #############################################################
<14>Nov 24 19:06:11 ec2: -----BEGIN SSH HOST KEY FINGERPRINTS-----
<14>Nov 24 19:06:11 ec2: 1024 SHA256:LwHQte7yl0pZASMF97pFhD18YlBHIROi84lAj/hoEFg root@ubuntu-bionic (DSA)
<14>Nov 24 19:06:11 ec2: 256 SHA256:pn1sh3NzgG4sz5/ccYVUCRFBfotfwd9vmqvwkxOJw50 root@ubuntu-bionic (ECDSA)
<14>Nov 24 19:06:11 ec2: 256 SHA256:ydHk74jhzkbTKTMsWbHcE3UXaCf7PccKgBcPoxags+8 root@ubuntu-bionic (ED25519)
<14>Nov 24 19:06:11 ec2: 2048 SHA256:iUTL88D535VucFx8/GrPr+d5pAq3Fu0V729KVpFXAbE root@ubuntu-bionic (RSA)
<14>Nov 24 19:06:11 ec2: -----END SSH HOST KEY FINGERPRINTS-----
<14>Nov 24 19:06:11 ec2: #############################################################
-----BEGIN SSH HOST KEY KEYS-----
ecdsa-sha2-nistp256 AAAAE2VjZHNhLXNoYTItbmlzdHAyNTYAAAAIbmlzdHAyNTYAAABBBKePb7m9zv13n9IF4w5pfsv8AKhGCePzbKKN9hUwOYRZgFFmqOJfreajSdI63nzNmMTGy9wZe5J05SiymwBmwK0= root@ubuntu-bionic
ssh-ed25519 AAAAC3NzaC1lZDI1NTE5AAAAIP0QKea949IrX2p3pWlhFGAaUjPvjCqN1cFvQ+QoYGom root@ubuntu-bionic
ssh-rsa AAAAB3NzaC1yc2EAAAADAQABAAABAQDAc4tOD3crwUdfxWMvUYhCGmv47GdoKrvb5xIM+KA1/ZSbs3HyfIC6kSQc3e/76gxSLLMJpLNCxScYpkfuye+WyHamitdxrmO62ZmEYsGW1OjS7l3ETAAXXJCADbAjJMWVlxhSJHb3wK2HhpDa80oDjAtRvcO24/1s30z2GN0TicfEws43fzJivkaFAYQpR8rPbH3o8hneoLRjHwCnbl3SMTteAZj1O9PVEu7FAGUK6A+ZyRnUclsNljAGmozQX676kzxCkfX2y11kTsQ/wiVhyJ2JLlZSPvybDSCR1WrYgvKWO21g7iOiRG7NdCQXg4IfoU7BDitfsRVWIGGOQ4MF root@ubuntu-bionic
-----END SSH HOST KEY KEYS-----
[   24.270656] cloud-init[1257]: Cloud-init v. 19.2-36-g059d049c-0ubuntu2~18.04.1 running 'modules:final' at Sun, 24 Nov 2019 19:06:11 +0000. Up 23.94 seconds.
[   24.281895] cloud-init[1257]: ci-info: no authorized ssh keys fingerprints found for user ubuntu.
[   24.283428] cloud-init[1257]: Cloud-init v. 19.2-36-g059d049c-0ubuntu2~18.04.1 finished at Sun, 24 Nov 2019 19:06:11 +0000. Datasource DataSourceNoCloud [seed=/dev/sdb][dsmode=net].  Up 24.26 seconds
[[0;32m  OK  [0m] Started Execute cloud user/final scripts.
[[0;32m  OK  [0m] Reached target Cloud-init target.

Ubuntu 18.04.3 LTS ubuntu-bionic ttyS0

ubuntu-bionic login: 